<?xml version="1.0" encoding="UTF-8"?>
<testng-results total="2" passed="2" failed="0" skipped="0">
  <reporter-output>
  </reporter-output>
  <suite started-at="2022-07-21T17:14:56Z" name="Suite" finished-at="2022-07-21T17:14:56Z" duration-ms="44">
    <groups>
    </groups>
    <test started-at="2022-07-21T17:14:56Z" name="Test" finished-at="2022-07-21T17:14:56Z" duration-ms="44">
      <class name="manisample.Program1">
        <test-method signature="demo()[pri:0, instance:manisample.Program1@1efe439d]" started-at="2022-07-21T22:44:56Z" name="demo" finished-at="2022-07-21T22:44:56Z" duration-ms="16" status="PASS">
          <reporter-output>
          </reporter-output>
        </test-method> <!-- demo -->
        <test-method signature="democycle()[pri:0, instance:manisample.Program1@1efe439d]" started-at="2022-07-21T22:44:56Z" name="democycle" finished-at="2022-07-21T22:44:56Z" duration-ms="4" status="PASS">
          <reporter-output>
          </reporter-output>
        </test-method> <!-- democycle -->
      </class> <!-- manisample.Program1 -->
    </test> <!-- Test -->
  </suite> <!-- Suite -->
</testng-results>
