<?xml version="1.0" encoding="UTF-8"?>
<!-- Generated by org.testng.reporters.JUnitXMLReporter -->
<testsuite hostname="ManiTheertham" failures="0" tests="6" name="Test" time="0.111" errors="0" timestamp="22 Jul 2022 14:33:46 GMT">
  <testcase classname="manisample.ProgramTest2" name="democyclenewyork" time="0.025"/>
  <testcase classname="manisample2.Program2Test" name="demo" time="0.006"/>
  <testcase classname="manisample2.Program2Test" name="democycle" time="0.003"/>
  <testcase classname="manisample.Program1Test" name="demo" time="0.003"/>
  <testcase classname="manisample.Program1Test" name="democycle" time="0.017"/>
  <testcase classname="manisample2.ProgramTest4" name="democyclenewyork" time="0.008"/>
</testsuite> <!-- Test -->
